2024-08-11 	6-GED ,colocar os anexos em uma pasta identificada como G5 e cada solicitação com os anexos em uma pasta com o numero da solicitação G5-125444, G5-458744, vide  modelo do G4.
			Criada a função "criaPasta(pastaPai, nomeSubPasta)", que retorna o número da pasta criada.
			Criada a função "publicarGED(pastaCriada)", que retorna uma lista com os IDs dos arquivos publicados no GED.

			2-Atribuiçao das atividades  Erro de Integração serão atribuidas para grupos de acordo com a coligada: cTask007 = getAtribuicoes ('G5-007-'+CampoSetor+'-'+campoCentroCusto )
			Feitas as atribuições via campo e variáveis de grupos de acordo com o dataset de atribuições. Atribuições sendo feitas via script "servicetask176".

			4-Verificar a possibilidade de no caso de erro ter a opção de voltar a solicitação para a atividade 34-Revisar Solicitação

			Incluídos os links para enviar para a atividade "Revisar solicitação" nas atividades de tratamento de erro.

2024-08-13 Vamos subir o G5 em produção

2024-08-14 Ajustes do G5 em produção

2024-08-15 Ajustes do G5 em produção

2024-08-16 	Ajustes de atribuição do G5
			Iniciado o desenvolvido do script para cancelar o lançamento financeiro!

2024-08-18 Vamos começar o trabalho para cancelar o lançamento financeiro

2024-09-05 Ajustes solicitados 4h
1 - Os dados do pagamento que estão sempre sendo enviados para a integração o mesmo dados (sempre o primeiro) mesmo que o usuário escolha outro
- Realizado ajuste para obter o código de referencia para o pagamento do dataset "dsRMFinDADOSPGTODataBR".
2 - O formulário, quando na etapa do Financeiro (Provisionamento), se o usuário escolher outro fornecedor, o campo nome Cliente/Fornecedor e o CNPJ continua exibindo o que foi escolhido na etapa inicial, a integração está correta, mas a tela do FLUIG fica errada
- Realizade ajustes no banco zoom para capturar os dados e preencher corretamente as informações do provisionamento.
3 - O Link enviado no email Comprovante de pagamento o usuário que recebe, mesmo fazendo parte da solicitação não consegue ver o anexo
- Realizado ajustes nas permissões de pasta. HMG pasta 61248 - PRD pasta 88200
4 - Na atividade Pagamento quando o usuário anexa o comprovante de pagamento o campo não fica com o nome do anexo, como é o padrão dos outros anexos do processo.
- Realizado ajuste na função que pega o nome do anexo e atribui ao campo.
5 - Quando o financeiro devolve a solicitação para o solicitante fazer "Revisão" todos os campos está disabled então o solicitante não consegue revisar nada pois está tudo bloqueado
- Realizado ajuste no enableFields para liberar os campos. 

2024-09-08 Ajustes solicitados 7h
- BUG no calculo do valor do rateio
	"Realizado ajuste para converter os valores dos campos do formulario para float no evento de formulário validateFields e garantir a correta comparação de valores." 

- Ajuste validação formulário: 
	etapa de provisionamento, ao enviar para fase de provisionado não está validando o campo de vinculo de fornecedor 
	e dados bancários, caso ele apague o fornecedor, ou o dado bancário, ou venha da etapa de cadastro de fornecedor, 
	ou seja o campo esteja vazio, ele não está validando, cria o lançamento no totvs, porém com fornecedor aleatório;
	
	Ação: Colocar como obrigatorio no provisionamento os dados necessários para integração, do fornecedor e dados de
	pagamento
	"Campos de 'Vincular Fornecedor' e 'Dados de Pagamento' definidos como obrigatórios na atividade de proviosionamento"
	
- Ajuste verificação de finalização da atividade (envio para fase de informar solicitante), 
	está dando erro, pedindo para contatar o adm, do usuário fluig consigo realizar o feedback, 
	porém, ao tentar realizar com o usuário do financeiro está dado bugzinho.
	
	Ação : Verificar as permissões do usuário ao anexar arquivos, com o usuário admin o processo se realiza, 
	porem quando o usuário é usuário normal deu msg de erro
	"Criado um usuário comum, 'teste', para validar o anexos, após verificar o erro, foi alterada as permissões de pasta de forma a não dar mais erro ao criar a pasta no GED para os documentos do processo"
	
- Ajuste template de e-mail, realizar ajuste de matrícula do usuário para nome do usuário e 
	adicionar título da solicitação, 
	(havíamos mapeado durante a validação, mas colocamos para ajuste durante o processo de MVP).
	
	Ação:Colocar no email, em vez da matricula o nome do usuário
	"Incluída função para pegar o nome do usário no script 'G5.servicetask344' de forma a enviar o nome e não o código no template do e-mail "	
- Ajuste integração ação de renomear lançamento ao ser cancelado 
	(verificamos que um lançamento realizado no sistema, ao ser cancelada a tarefa no fluig, 
	aquele lançamento está sendo renomeado perdendo o título da solicitação, havíamos mapeado 
	durante o processo de validação, e iriámos ajustar durante o MVP)
	
	Ação: Ao cancelar o lançamento no RM, manter o histórioco acrescentando somente o termo "Cancelado"
	"Realizadas alteração no script G5.servicetask287 para atender a solicitação, mantendo o histórico e incluíndo apenas o texto 'Cancaledo na frente'"
	
- Ajuste nome do lançamento no RM, 
	adicionar também junto ao o histórico o número da solicitação, para facilitar o rateio 
	(validamos na antes do MVP, mas colocamos para ajuste agora pois não era prioridade para rodar o processo).
	
	Ação : Acrescentar no historico do lançamento RM o numero da solicitação FLUIG Ex:Sol : 9858757
	"Ajustado o script 'G5.servicetask183.js' para incluír o número da solicitação no histórico do lançamento"	
	
- Ajuste integração dados bancários do fornecedor, ao gerar um lançamento, 
	está puxado fixo o dado bancário de referencia 1, do cadastro daquele fornecedor, e não seguindo aquela regra de seleção que o usuário realizou.
	
	Ação : Já realizado

2024-09-12 Ajustes solicitados

- Ajustes de formulário e processo

2024-06-16
	CHECKLIST
		Ajuste template de e-mail, realizar ajuste de matrícula do usuário para nome do usuário e adicionar título da solicitação, (havíamos mapeado durante a validação, mas colocamos para ajuste durante o processo de MVP).

	ANDRE: No email de abertura está indo o texto referente ao campo “Titulo da solicitação” (After ProcessCreate)

	Aqui não entendi. O que há de errado com o e-mail? 
	O título notei que não está indo, mas o nome de usuário esta ok. 
	R: É justamente  para inserir o Titulo que está faltando
	"Título inserido no afterProcessCreate"

		Se o código de barras do boleto (código do boleto) na etapa de provisionamento for preenchido apenas pelo financeiro, não gera o lançamento automático, apenas se o solicitante colocar no formulário também.
	Foi verificado que numa solicitação que a forma de pagamento for boleto, caso o solicitante não preencha no campo inicial do formulário (imagem 1), e na hora do provisionamento, na parte do formulário competente a eles (imagem 2), preencherem neste local, o código inserido no formulário não é repassado
	ANDRE: Verificar se a integração está sendo feita com qual dos campos que recebe o número do boleto, parece que se o usuário altera algum dado na etapa provisionamento o campo n° boleto está sendo limpo, deixar o campo  do boleto na fase do provisionamento com os dados vindos do cadastro inicial e de forma que só seja alterado por ação do usuário na etapa Provisionamento se ele assim desejar. Deixar a exibição do campo Código do boleto Fixa, independentemente do tipo escolhido em dados do pagamento
	"Copiado valor do campo 'cod_boleto' para o campo 'cod_boleto_anilise' e na integração o script foi alterado para utilizar o campo 'cod_boleto_anilise'". 

		Na análise de vínculo do fornecedor no provisionamento, o financeiro está tendo que desvincular e vincular de novo o fornecedor, pois senão o campo do "cliente/fornecedor" não vincula:	
	Ao chegar na fase de provisionamento, o fornecedor da qual foi vinculado no formulário pelo solicitante, está bugando na parte do formulário de “Análise do vínculo do fornecedor”, está ficando vazio, ou, as vezes vem ele selecionado, porém, o campo lateral onde confirma aquele fornecedor está em branco, o mesmo também acontece para os “dados de pagamento” e “nome do cliente/fornecedor”. Exemplo: Servidor homolog solicitação 46093
	"Feito ajuste no script do formulário para obter o texto das labels de campos ocultos e caregar automáticamente com o carregamento do formulário".

		Verificar a questão dos anexos que não estão salvando a aba de "anexos" ;
ANDRÉ, Identifiquei que na abertura , a obrigatoriedade dos anexos está vinculada a abertura de linha na table de anexos, porém se o usuário inserir uma linha e deixar sem preenchimento o processo avança sem anexo, temos que validar se o usuário anexou , ou seja se alinha tem preenchimento 


2024-09-21 
	Vamos corrigir primeiro a questão dos anexos. 
	- Varios testes feitos, não deu erro comigo, mesmo copiando exatamente o mesmo nome de anexo. 

	Solicitação: “Criação de movimentação entre etapa de cadastro de fornecedor e provisionamento (para não precisar passar pelo mecanismo automatizado de gerar cadastro do fornecedor no Totvs.”
	"Incluída linha de 'Cadastro do fornecedor' para 'Provisionamento'. Também foram incluídos campos no formulário para identificar qual a atividade atual e anterior e limpar o campo se a atividade anterior for 'Cadastro do fornecedor' e a próxima 'Provisionamento'. Campos limpos serão 'Vincular Fornecedor' e 'Dados de Pagamento' "

	Solicitação: “Liberar alguns campos da etapa de cadastro de fornecedor, e deixar outros obrigatórios (inclusive, imagino que existe a necessidade de haver uma validação conforme o tipo de pagamento, pois em casos de boleto e/ou fatura, os campos obrigatórios dos dados bancários precisam ser alterados, pois as vezes não se tem os dados bancários como conta, agência etc. para o pagamento via boleto e fatura.”
	"Incluída valores para os campos e ocultados conforme o solcitado". 

	Habilitar enviar da fase "Aguardando vencimento" para fase de "Pagamento"
	"Link entre as atividades definido".

	
2024-09-23	
	"Vamos corrigir a dataset de vencimento"